Vivado Simulator v2024.1
Copyright 1986-2022 Xilinx, Inc. All Rights Reserved.
Copyright 2022-2024 Advanced Micro Devices, Inc. All Rights Reserved.
Running: C:/Xilinx/Vivado/2024.1/bin/unwrapped/win64.o/xelab.exe --incr --debug typical --relax --mt 2 -L xil_defaultlib -L uvm -L unisims_ver -L unimacro_ver -L secureip --snapshot tb_cnn_layer1_iq_top_behav xil_defaultlib.tb_cnn_layer1_iq_top xil_defaultlib.glbl -log elaborate.log 
Using 2 slave threads.
Starting static elaboration
Pass Through NonSizing Optimizer
Completed static elaboration
Starting simulation data flow analysis
Completed simulation data flow analysis
Time Resolution for simulation is 1ps
Compiling module xil_defaultlib.line_buffer_3x3
Compiling module xil_defaultlib.mac9_runtime_default
Compiling module xil_defaultlib.mac9_dual_channel
Compiling module xil_defaultlib.conv1_engine_iq
Compiling module xil_defaultlib.relu(W=32)
Compiling module xil_defaultlib.quantizer_default
Compiling module xil_defaultlib.maxpool_iq(DATA_W=16)
Compiling module xil_defaultlib.feature_map_buffer_iq(DATA_W=16)
Compiling module xil_defaultlib.cnn_layer1_iq_top
Compiling module xil_defaultlib.tb_cnn_layer1_iq_top
Compiling module xil_defaultlib.glbl
Built simulation snapshot tb_cnn_layer1_iq_top_behav
