Time resolution is 1 ps

==============================================
Starting input stream
==============================================
accepted input[0] : I=0 Q=64 at t=45000
accepted input[1] : I=1 Q=65 at t=55000
accepted input[2] : I=2 Q=66 at t=65000
accepted input[3] : I=3 Q=67 at t=75000
accepted input[4] : I=4 Q=68 at t=85000
accepted input[5] : I=5 Q=69 at t=95000
accepted input[6] : I=6 Q=70 at t=105000
accepted input[7] : I=7 Q=71 at t=115000
accepted input[8] : I=8 Q=72 at t=125000
accepted input[9] : I=9 Q=73 at t=135000
accepted input[10] : I=10 Q=74 at t=145000
accepted input[11] : I=11 Q=75 at t=155000
accepted input[12] : I=12 Q=76 at t=165000
accepted input[13] : I=13 Q=77 at t=175000
accepted input[14] : I=14 Q=78 at t=185000
accepted input[15] : I=15 Q=79 at t=195000
accepted input[16] : I=16 Q=80 at t=205000
accepted input[17] : I=17 Q=81 at t=215000
STAGE   t=265000  ch=1  row=2 col=3  conv_y=-54 (b=11111111111111111111111111001010 h=ffffffca)  relu_y=0 (b=00000000000000000000000000000000 h=00000000)  quant_y=0 (b=0000000000000000 h=0000)
POOL_IN t=265000  ch=1  row=2 col=3  in_data=0 (b=0000000000000000 h=0000)
STAGE   t=315000  ch=2  row=2 col=3  conv_y=7 (b=00000000000000000000000000000111 h=00000007)  relu_y=7 (b=00000000000000000000000000000111 h=00000007)  quant_y=7 (b=0000000000000111 h=0007)
POOL_IN t=315000  ch=2  row=2 col=3  in_data=7 (b=0000000000000111 h=0007)
STAGE   t=365000  ch=3  row=2 col=3  conv_y=95 (b=00000000000000000000000001011111 h=0000005f)  relu_y=95 (b=00000000000000000000000001011111 h=0000005f)  quant_y=95 (b=0000000001011111 h=005f)
POOL_IN t=365000  ch=3  row=2 col=3  in_data=95 (b=0000000001011111 h=005f)
STAGE   t=415000  ch=0  row=2 col=3  conv_y=10 (b=00000000000000000000000000001010 h=0000000a)  relu_y=10 (b=00000000000000000000000000001010 h=0000000a)  quant_y=10 (b=0000000000001010 h=000a)
POOL_IN t=415000  ch=0  row=2 col=3  in_data=10 (b=0000000000001010 h=000a)
accepted input[18] : I=18 Q=82 at t=425000
STAGE   t=475000  ch=1  row=2 col=4  conv_y=-56 (b=11111111111111111111111111001000 h=ffffffc8)  relu_y=0 (b=00000000000000000000000000000000 h=00000000)  quant_y=0 (b=0000000000000000 h=0000)
POOL_IN t=475000  ch=1  row=2 col=4  in_data=0 (b=0000000000000000 h=0000)
STAGE   t=525000  ch=2  row=2 col=4  conv_y=8 (b=00000000000000000000000000001000 h=00000008)  relu_y=8 (b=00000000000000000000000000001000 h=00000008)  quant_y=8 (b=0000000000001000 h=0008)
POOL_IN t=525000  ch=2  row=2 col=4  in_data=8 (b=0000000000001000 h=0008)
STAGE   t=575000  ch=3  row=2 col=4  conv_y=96 (b=00000000000000000000000001100000 h=00000060)  relu_y=96 (b=00000000000000000000000001100000 h=00000060)  quant_y=96 (b=0000000001100000 h=0060)
POOL_IN t=575000  ch=3  row=2 col=4  in_data=96 (b=0000000001100000 h=0060)
STAGE   t=625000  ch=0  row=2 col=4  conv_y=9 (b=00000000000000000000000000001001 h=00000009)  relu_y=9 (b=00000000000000000000000000001001 h=00000009)  quant_y=9 (b=0000000000001001 h=0009)
POOL_IN t=625000  ch=0  row=2 col=4  in_data=9 (b=0000000000001001 h=0009)
accepted input[19] : I=19 Q=83 at t=635000
STAGE   t=685000  ch=1  row=2 col=5  conv_y=-56 (b=11111111111111111111111111001000 h=ffffffc8)  relu_y=0 (b=00000000000000000000000000000000 h=00000000)  quant_y=0 (b=0000000000000000 h=0000)
POOL_IN t=685000  ch=1  row=2 col=5  in_data=0 (b=0000000000000000 h=0000)
STAGE   t=735000  ch=2  row=2 col=5  conv_y=8 (b=00000000000000000000000000001000 h=00000008)  relu_y=8 (b=00000000000000000000000000001000 h=00000008)  quant_y=8 (b=0000000000001000 h=0008)
POOL_IN t=735000  ch=2  row=2 col=5  in_data=8 (b=0000000000001000 h=0008)
STAGE   t=785000  ch=3  row=2 col=5  conv_y=98 (b=00000000000000000000000001100010 h=00000062)  relu_y=98 (b=00000000000000000000000001100010 h=00000062)  quant_y=98 (b=0000000001100010 h=0062)
POOL_IN t=785000  ch=3  row=2 col=5  in_data=98 (b=0000000001100010 h=0062)
STAGE   t=835000  ch=0  row=2 col=5  conv_y=10 (b=00000000000000000000000000001010 h=0000000a)  relu_y=10 (b=00000000000000000000000000001010 h=0000000a)  quant_y=10 (b=0000000000001010 h=000a)
POOL_IN t=835000  ch=0  row=2 col=5  in_data=10 (b=0000000000001010 h=000a)
accepted input[20] : I=20 Q=84 at t=845000
STAGE   t=895000  ch=1  row=2 col=6  conv_y=-56 (b=11111111111111111111111111001000 h=ffffffc8)  relu_y=0 (b=00000000000000000000000000000000 h=00000000)  quant_y=0 (b=0000000000000000 h=0000)
POOL_IN t=895000  ch=1  row=2 col=6  in_data=0 (b=0000000000000000 h=0000)
STAGE   t=945000  ch=2  row=2 col=6  conv_y=8 (b=00000000000000000000000000001000 h=00000008)  relu_y=8 (b=00000000000000000000000000001000 h=00000008)  quant_y=8 (b=0000000000001000 h=0008)
POOL_IN t=945000  ch=2  row=2 col=6  in_data=8 (b=0000000000001000 h=0008)
STAGE   t=995000  ch=3  row=2 col=6  conv_y=100 (b=00000000000000000000000001100100 h=00000064)  relu_y=100 (b=00000000000000000000000001100100 h=00000064)  quant_y=100 (b=0000000001100100 h=0064)
POOL_IN t=995000  ch=3  row=2 col=6  in_data=100 (b=0000000001100100 h=0064)
STAGE   t=1045000  ch=0  row=2 col=6  conv_y=11 (b=00000000000000000000000000001011 h=0000000b)  relu_y=11 (b=00000000000000000000000000001011 h=0000000b)  quant_y=11 (b=0000000000001011 h=000b)
POOL_IN t=1045000  ch=0  row=2 col=6  in_data=11 (b=0000000000001011 h=000b)
accepted input[21] : I=21 Q=85 at t=1055000
STAGE   t=1105000  ch=1  row=2 col=7  conv_y=-56 (b=11111111111111111111111111001000 h=ffffffc8)  relu_y=0 (b=00000000000000000000000000000000 h=00000000)  quant_y=0 (b=0000000000000000 h=0000)
POOL_IN t=1105000  ch=1  row=2 col=7  in_data=0 (b=0000000000000000 h=0000)
STAGE   t=1155000  ch=2  row=2 col=7  conv_y=8 (b=00000000000000000000000000001000 h=00000008)  relu_y=8 (b=00000000000000000000000000001000 h=00000008)  quant_y=8 (b=0000000000001000 h=0008)
POOL_IN t=1155000  ch=2  row=2 col=7  in_data=8 (b=0000000000001000 h=0008)
STAGE   t=1205000  ch=3  row=2 col=7  conv_y=102 (b=00000000000000000000000001100110 h=00000066)  relu_y=102 (b=00000000000000000000000001100110 h=00000066)  quant_y=102 (b=0000000001100110 h=0066)
POOL_IN t=1205000  ch=3  row=2 col=7  in_data=102 (b=0000000001100110 h=0066)
STAGE   t=1255000  ch=0  row=2 col=7  conv_y=12 (b=00000000000000000000000000001100 h=0000000c)  relu_y=12 (b=00000000000000000000000000001100 h=0000000c)  quant_y=12 (b=0000000000001100 h=000c)
POOL_IN t=1255000  ch=0  row=2 col=7  in_data=12 (b=0000000000001100 h=000c)
accepted input[22] : I=22 Q=86 at t=1265000
STAGE   t=1315000  ch=1  row=3 col=0  conv_y=-56 (b=11111111111111111111111111001000 h=ffffffc8)  relu_y=0 (b=00000000000000000000000000000000 h=00000000)  quant_y=0 (b=0000000000000000 h=0000)
POOL_IN t=1315000  ch=1  row=3 col=0  in_data=0 (b=0000000000000000 h=0000)
STAGE   t=1365000  ch=2  row=3 col=0  conv_y=8 (b=00000000000000000000000000001000 h=00000008)  relu_y=8 (b=00000000000000000000000000001000 h=00000008)  quant_y=8 (b=0000000000001000 h=0008)
POOL_IN t=1365000  ch=2  row=3 col=0  in_data=8 (b=0000000000001000 h=0008)
STAGE   t=1415000  ch=3  row=3 col=0  conv_y=104 (b=00000000000000000000000001101000 h=00000068)  relu_y=104 (b=00000000000000000000000001101000 h=00000068)  quant_y=104 (b=0000000001101000 h=0068)
POOL_IN t=1415000  ch=3  row=3 col=0  in_data=104 (b=0000000001101000 h=0068)
STAGE   t=1465000  ch=0  row=3 col=0  conv_y=13 (b=00000000000000000000000000001101 h=0000000d)  relu_y=13 (b=00000000000000000000000000001101 h=0000000d)  quant_y=13 (b=0000000000001101 h=000d)
POOL_IN t=1465000  ch=0  row=3 col=0  in_data=13 (b=0000000000001101 h=000d)
accepted input[23] : I=23 Q=87 at t=1475000
accepted input[24] : I=24 Q=88 at t=1485000
accepted input[25] : I=25 Q=89 at t=1495000
STAGE   t=1545000  ch=1  row=3 col=3  conv_y=-56 (b=11111111111111111111111111001000 h=ffffffc8)  relu_y=0 (b=00000000000000000000000000000000 h=00000000)  quant_y=0 (b=0000000000000000 h=0000)
POOL_IN t=1545000  ch=1  row=3 col=3  in_data=0 (b=0000000000000000 h=0000)
POOL_OUT t=1555000  idx=0  row=0 col=0 ch=1  y=0 (b=0000000000000000 h=0000)
STAGE   t=1595000  ch=2  row=3 col=3  conv_y=8 (b=00000000000000000000000000001000 h=00000008)  relu_y=8 (b=00000000000000000000000000001000 h=00000008)  quant_y=8 (b=0000000000001000 h=0008)
POOL_IN t=1595000  ch=2  row=3 col=3  in_data=8 (b=0000000000001000 h=0008)
POOL_OUT t=1605000  idx=1  row=0 col=0 ch=2  y=8 (b=0000000000001000 h=0008)
STAGE   t=1645000  ch=3  row=3 col=3  conv_y=110 (b=00000000000000000000000001101110 h=0000006e)  relu_y=110 (b=00000000000000000000000001101110 h=0000006e)  quant_y=110 (b=0000000001101110 h=006e)
POOL_IN t=1645000  ch=3  row=3 col=3  in_data=110 (b=0000000001101110 h=006e)
POOL_OUT t=1655000  idx=2  row=0 col=0 ch=3  y=110 (b=0000000001101110 h=006e)
STAGE   t=1695000  ch=0  row=3 col=3  conv_y=16 (b=00000000000000000000000000010000 h=00000010)  relu_y=16 (b=00000000000000000000000000010000 h=00000010)  quant_y=16 (b=0000000000010000 h=0010)
POOL_IN t=1695000  ch=0  row=3 col=3  in_data=16 (b=0000000000010000 h=0010)
accepted input[26] : I=26 Q=90 at t=1705000
POOL_OUT t=1705000  idx=3  row=0 col=0 ch=0  y=16 (b=0000000000010000 h=0010)
STAGE   t=1755000  ch=1  row=3 col=4  conv_y=-56 (b=11111111111111111111111111001000 h=ffffffc8)  relu_y=0 (b=00000000000000000000000000000000 h=00000000)  quant_y=0 (b=0000000000000000 h=0000)
POOL_IN t=1755000  ch=1  row=3 col=4  in_data=0 (b=0000000000000000 h=0000)
STAGE   t=1805000  ch=2  row=3 col=4  conv_y=8 (b=00000000000000000000000000001000 h=00000008)  relu_y=8 (b=00000000000000000000000000001000 h=00000008)  quant_y=8 (b=0000000000001000 h=0008)
POOL_IN t=1805000  ch=2  row=3 col=4  in_data=8 (b=0000000000001000 h=0008)
STAGE   t=1855000  ch=3  row=3 col=4  conv_y=112 (b=00000000000000000000000001110000 h=00000070)  relu_y=112 (b=00000000000000000000000001110000 h=00000070)  quant_y=112 (b=0000000001110000 h=0070)
POOL_IN t=1855000  ch=3  row=3 col=4  in_data=112 (b=0000000001110000 h=0070)
STAGE   t=1905000  ch=0  row=3 col=4  conv_y=17 (b=00000000000000000000000000010001 h=00000011)  relu_y=17 (b=00000000000000000000000000010001 h=00000011)  quant_y=17 (b=0000000000010001 h=0011)
POOL_IN t=1905000  ch=0  row=3 col=4  in_data=17 (b=0000000000010001 h=0011)
accepted input[27] : I=27 Q=91 at t=1915000
STAGE   t=1965000  ch=1  row=3 col=5  conv_y=-56 (b=11111111111111111111111111001000 h=ffffffc8)  relu_y=0 (b=00000000000000000000000000000000 h=00000000)  quant_y=0 (b=0000000000000000 h=0000)
POOL_IN t=1965000  ch=1  row=3 col=5  in_data=0 (b=0000000000000000 h=0000)
POOL_OUT t=1975000  idx=4  row=0 col=1 ch=1  y=0 (b=0000000000000000 h=0000)
STAGE   t=2015000  ch=2  row=3 col=5  conv_y=8 (b=00000000000000000000000000001000 h=00000008)  relu_y=8 (b=00000000000000000000000000001000 h=00000008)  quant_y=8 (b=0000000000001000 h=0008)
POOL_IN t=2015000  ch=2  row=3 col=5  in_data=8 (b=0000000000001000 h=0008)
POOL_OUT t=2025000  idx=5  row=0 col=1 ch=2  y=8 (b=0000000000001000 h=0008)
STAGE   t=2065000  ch=3  row=3 col=5  conv_y=114 (b=00000000000000000000000001110010 h=00000072)  relu_y=114 (b=00000000000000000000000001110010 h=00000072)  quant_y=114 (b=0000000001110010 h=0072)
POOL_IN t=2065000  ch=3  row=3 col=5  in_data=114 (b=0000000001110010 h=0072)
POOL_OUT t=2075000  idx=6  row=0 col=1 ch=3  y=114 (b=0000000001110010 h=0072)
STAGE   t=2115000  ch=0  row=3 col=5  conv_y=18 (b=00000000000000000000000000010010 h=00000012)  relu_y=18 (b=00000000000000000000000000010010 h=00000012)  quant_y=18 (b=0000000000010010 h=0012)
POOL_IN t=2115000  ch=0  row=3 col=5  in_data=18 (b=0000000000010010 h=0012)
accepted input[28] : I=28 Q=92 at t=2125000
POOL_OUT t=2125000  idx=7  row=0 col=1 ch=0  y=18 (b=0000000000010010 h=0012)
STAGE   t=2175000  ch=1  row=3 col=6  conv_y=-56 (b=11111111111111111111111111001000 h=ffffffc8)  relu_y=0 (b=00000000000000000000000000000000 h=00000000)  quant_y=0 (b=0000000000000000 h=0000)
POOL_IN t=2175000  ch=1  row=3 col=6  in_data=0 (b=0000000000000000 h=0000)
STAGE   t=2225000  ch=2  row=3 col=6  conv_y=8 (b=00000000000000000000000000001000 h=00000008)  relu_y=8 (b=00000000000000000000000000001000 h=00000008)  quant_y=8 (b=0000000000001000 h=0008)
POOL_IN t=2225000  ch=2  row=3 col=6  in_data=8 (b=0000000000001000 h=0008)
STAGE   t=2275000  ch=3  row=3 col=6  conv_y=116 (b=00000000000000000000000001110100 h=00000074)  relu_y=116 (b=00000000000000000000000001110100 h=00000074)  quant_y=116 (b=0000000001110100 h=0074)
POOL_IN t=2275000  ch=3  row=3 col=6  in_data=116 (b=0000000001110100 h=0074)
STAGE   t=2325000  ch=0  row=3 col=6  conv_y=19 (b=00000000000000000000000000010011 h=00000013)  relu_y=19 (b=00000000000000000000000000010011 h=00000013)  quant_y=19 (b=0000000000010011 h=0013)
POOL_IN t=2325000  ch=0  row=3 col=6  in_data=19 (b=0000000000010011 h=0013)
accepted input[29] : I=29 Q=93 at t=2335000
STAGE   t=2385000  ch=1  row=3 col=7  conv_y=-56 (b=11111111111111111111111111001000 h=ffffffc8)  relu_y=0 (b=00000000000000000000000000000000 h=00000000)  quant_y=0 (b=0000000000000000 h=0000)
POOL_IN t=2385000  ch=1  row=3 col=7  in_data=0 (b=0000000000000000 h=0000)
POOL_OUT t=2395000  idx=8  row=0 col=2 ch=1  y=0 (b=0000000000000000 h=0000)
STAGE   t=2435000  ch=2  row=3 col=7  conv_y=8 (b=00000000000000000000000000001000 h=00000008)  relu_y=8 (b=00000000000000000000000000001000 h=00000008)  quant_y=8 (b=0000000000001000 h=0008)
POOL_IN t=2435000  ch=2  row=3 col=7  in_data=8 (b=0000000000001000 h=0008)
POOL_OUT t=2445000  idx=9  row=0 col=2 ch=2  y=8 (b=0000000000001000 h=0008)
STAGE   t=2485000  ch=3  row=3 col=7  conv_y=118 (b=00000000000000000000000001110110 h=00000076)  relu_y=118 (b=00000000000000000000000001110110 h=00000076)  quant_y=118 (b=0000000001110110 h=0076)
POOL_IN t=2485000  ch=3  row=3 col=7  in_data=118 (b=0000000001110110 h=0076)
POOL_OUT t=2495000  idx=10  row=0 col=2 ch=3  y=118 (b=0000000001110110 h=0076)
STAGE   t=2535000  ch=0  row=3 col=7  conv_y=20 (b=00000000000000000000000000010100 h=00000014)  relu_y=20 (b=00000000000000000000000000010100 h=00000014)  quant_y=20 (b=0000000000010100 h=0014)
POOL_IN t=2535000  ch=0  row=3 col=7  in_data=20 (b=0000000000010100 h=0014)
accepted input[30] : I=30 Q=94 at t=2545000
POOL_OUT t=2545000  idx=11  row=0 col=2 ch=0  y=20 (b=0000000000010100 h=0014)
STAGE   t=2595000  ch=1  row=4 col=0  conv_y=-56 (b=11111111111111111111111111001000 h=ffffffc8)  relu_y=0 (b=00000000000000000000000000000000 h=00000000)  quant_y=0 (b=0000000000000000 h=0000)
POOL_IN t=2595000  ch=1  row=4 col=0  in_data=0 (b=0000000000000000 h=0000)
STAGE   t=2645000  ch=2  row=4 col=0  conv_y=8 (b=00000000000000000000000000001000 h=00000008)  relu_y=8 (b=00000000000000000000000000001000 h=00000008)  quant_y=8 (b=0000000000001000 h=0008)
POOL_IN t=2645000  ch=2  row=4 col=0  in_data=8 (b=0000000000001000 h=0008)
STAGE   t=2695000  ch=3  row=4 col=0  conv_y=120 (b=00000000000000000000000001111000 h=00000078)  relu_y=120 (b=00000000000000000000000001111000 h=00000078)  quant_y=120 (b=0000000001111000 h=0078)
POOL_IN t=2695000  ch=3  row=4 col=0  in_data=120 (b=0000000001111000 h=0078)
STAGE   t=2745000  ch=0  row=4 col=0  conv_y=21 (b=00000000000000000000000000010101 h=00000015)  relu_y=21 (b=00000000000000000000000000010101 h=00000015)  quant_y=21 (b=0000000000010101 h=0015)
POOL_IN t=2745000  ch=0  row=4 col=0  in_data=21 (b=0000000000010101 h=0015)
accepted input[31] : I=31 Q=95 at t=2755000
accepted input[32] : I=32 Q=96 at t=2765000
accepted input[33] : I=33 Q=97 at t=2775000
STAGE   t=2825000  ch=1  row=4 col=3  conv_y=-56 (b=11111111111111111111111111001000 h=ffffffc8)  relu_y=0 (b=00000000000000000000000000000000 h=00000000)  quant_y=0 (b=0000000000000000 h=0000)
POOL_IN t=2825000  ch=1  row=4 col=3  in_data=0 (b=0000000000000000 h=0000)
STAGE   t=2875000  ch=2  row=4 col=3  conv_y=8 (b=00000000000000000000000000001000 h=00000008)  relu_y=8 (b=00000000000000000000000000001000 h=00000008)  quant_y=8 (b=0000000000001000 h=0008)
POOL_IN t=2875000  ch=2  row=4 col=3  in_data=8 (b=0000000000001000 h=0008)
STAGE   t=2925000  ch=3  row=4 col=3  conv_y=126 (b=00000000000000000000000001111110 h=0000007e)  relu_y=126 (b=00000000000000000000000001111110 h=0000007e)  quant_y=126 (b=0000000001111110 h=007e)
POOL_IN t=2925000  ch=3  row=4 col=3  in_data=126 (b=0000000001111110 h=007e)
STAGE   t=2975000  ch=0  row=4 col=3  conv_y=24 (b=00000000000000000000000000011000 h=00000018)  relu_y=24 (b=00000000000000000000000000011000 h=00000018)  quant_y=24 (b=0000000000011000 h=0018)
POOL_IN t=2975000  ch=0  row=4 col=3  in_data=24 (b=0000000000011000 h=0018)
accepted input[34] : I=34 Q=98 at t=2985000
STAGE   t=3035000  ch=1  row=4 col=4  conv_y=-56 (b=11111111111111111111111111001000 h=ffffffc8)  relu_y=0 (b=00000000000000000000000000000000 h=00000000)  quant_y=0 (b=0000000000000000 h=0000)
POOL_IN t=3035000  ch=1  row=4 col=4  in_data=0 (b=0000000000000000 h=0000)
STAGE   t=3085000  ch=2  row=4 col=4  conv_y=8 (b=00000000000000000000000000001000 h=00000008)  relu_y=8 (b=00000000000000000000000000001000 h=00000008)  quant_y=8 (b=0000000000001000 h=0008)
POOL_IN t=3085000  ch=2  row=4 col=4  in_data=8 (b=0000000000001000 h=0008)
STAGE   t=3135000  ch=3  row=4 col=4  conv_y=128 (b=00000000000000000000000010000000 h=00000080)  relu_y=128 (b=00000000000000000000000010000000 h=00000080)  quant_y=128 (b=0000000010000000 h=0080)
POOL_IN t=3135000  ch=3  row=4 col=4  in_data=128 (b=0000000010000000 h=0080)
STAGE   t=3185000  ch=0  row=4 col=4  conv_y=25 (b=00000000000000000000000000011001 h=00000019)  relu_y=25 (b=00000000000000000000000000011001 h=00000019)  quant_y=25 (b=0000000000011001 h=0019)
POOL_IN t=3185000  ch=0  row=4 col=4  in_data=25 (b=0000000000011001 h=0019)
accepted input[35] : I=35 Q=99 at t=3195000
STAGE   t=3245000  ch=1  row=4 col=5  conv_y=-56 (b=11111111111111111111111111001000 h=ffffffc8)  relu_y=0 (b=00000000000000000000000000000000 h=00000000)  quant_y=0 (b=0000000000000000 h=0000)
POOL_IN t=3245000  ch=1  row=4 col=5  in_data=0 (b=0000000000000000 h=0000)
STAGE   t=3295000  ch=2  row=4 col=5  conv_y=8 (b=00000000000000000000000000001000 h=00000008)  relu_y=8 (b=00000000000000000000000000001000 h=00000008)  quant_y=8 (b=0000000000001000 h=0008)
POOL_IN t=3295000  ch=2  row=4 col=5  in_data=8 (b=0000000000001000 h=0008)
STAGE   t=3345000  ch=3  row=4 col=5  conv_y=130 (b=00000000000000000000000010000010 h=00000082)  relu_y=130 (b=00000000000000000000000010000010 h=00000082)  quant_y=130 (b=0000000010000010 h=0082)
POOL_IN t=3345000  ch=3  row=4 col=5  in_data=130 (b=0000000010000010 h=0082)
STAGE   t=3395000  ch=0  row=4 col=5  conv_y=26 (b=00000000000000000000000000011010 h=0000001a)  relu_y=26 (b=00000000000000000000000000011010 h=0000001a)  quant_y=26 (b=0000000000011010 h=001a)
POOL_IN t=3395000  ch=0  row=4 col=5  in_data=26 (b=0000000000011010 h=001a)
accepted input[36] : I=36 Q=100 at t=3405000
STAGE   t=3455000  ch=1  row=4 col=6  conv_y=-56 (b=11111111111111111111111111001000 h=ffffffc8)  relu_y=0 (b=00000000000000000000000000000000 h=00000000)  quant_y=0 (b=0000000000000000 h=0000)
POOL_IN t=3455000  ch=1  row=4 col=6  in_data=0 (b=0000000000000000 h=0000)
STAGE   t=3505000  ch=2  row=4 col=6  conv_y=8 (b=00000000000000000000000000001000 h=00000008)  relu_y=8 (b=00000000000000000000000000001000 h=00000008)  quant_y=8 (b=0000000000001000 h=0008)
POOL_IN t=3505000  ch=2  row=4 col=6  in_data=8 (b=0000000000001000 h=0008)
STAGE   t=3555000  ch=3  row=4 col=6  conv_y=132 (b=00000000000000000000000010000100 h=00000084)  relu_y=132 (b=00000000000000000000000010000100 h=00000084)  quant_y=132 (b=0000000010000100 h=0084)
POOL_IN t=3555000  ch=3  row=4 col=6  in_data=132 (b=0000000010000100 h=0084)
STAGE   t=3605000  ch=0  row=4 col=6  conv_y=27 (b=00000000000000000000000000011011 h=0000001b)  relu_y=27 (b=00000000000000000000000000011011 h=0000001b)  quant_y=27 (b=0000000000011011 h=001b)
POOL_IN t=3605000  ch=0  row=4 col=6  in_data=27 (b=0000000000011011 h=001b)
accepted input[37] : I=37 Q=101 at t=3615000
STAGE   t=3665000  ch=1  row=4 col=7  conv_y=-56 (b=11111111111111111111111111001000 h=ffffffc8)  relu_y=0 (b=00000000000000000000000000000000 h=00000000)  quant_y=0 (b=0000000000000000 h=0000)
POOL_IN t=3665000  ch=1  row=4 col=7  in_data=0 (b=0000000000000000 h=0000)
STAGE   t=3715000  ch=2  row=4 col=7  conv_y=8 (b=00000000000000000000000000001000 h=00000008)  relu_y=8 (b=00000000000000000000000000001000 h=00000008)  quant_y=8 (b=0000000000001000 h=0008)
POOL_IN t=3715000  ch=2  row=4 col=7  in_data=8 (b=0000000000001000 h=0008)
STAGE   t=3765000  ch=3  row=4 col=7  conv_y=134 (b=00000000000000000000000010000110 h=00000086)  relu_y=134 (b=00000000000000000000000010000110 h=00000086)  quant_y=134 (b=0000000010000110 h=0086)
POOL_IN t=3765000  ch=3  row=4 col=7  in_data=134 (b=0000000010000110 h=0086)
STAGE   t=3815000  ch=0  row=4 col=7  conv_y=28 (b=00000000000000000000000000011100 h=0000001c)  relu_y=28 (b=00000000000000000000000000011100 h=0000001c)  quant_y=28 (b=0000000000011100 h=001c)
POOL_IN t=3815000  ch=0  row=4 col=7  in_data=28 (b=0000000000011100 h=001c)
accepted input[38] : I=38 Q=102 at t=3825000
STAGE   t=3875000  ch=1  row=5 col=0  conv_y=-56 (b=11111111111111111111111111001000 h=ffffffc8)  relu_y=0 (b=00000000000000000000000000000000 h=00000000)  quant_y=0 (b=0000000000000000 h=0000)
POOL_IN t=3875000  ch=1  row=5 col=0  in_data=0 (b=0000000000000000 h=0000)
STAGE   t=3925000  ch=2  row=5 col=0  conv_y=8 (b=00000000000000000000000000001000 h=00000008)  relu_y=8 (b=00000000000000000000000000001000 h=00000008)  quant_y=8 (b=0000000000001000 h=0008)
POOL_IN t=3925000  ch=2  row=5 col=0  in_data=8 (b=0000000000001000 h=0008)
STAGE   t=3975000  ch=3  row=5 col=0  conv_y=136 (b=00000000000000000000000010001000 h=00000088)  relu_y=136 (b=00000000000000000000000010001000 h=00000088)  quant_y=136 (b=0000000010001000 h=0088)
POOL_IN t=3975000  ch=3  row=5 col=0  in_data=136 (b=0000000010001000 h=0088)
STAGE   t=4025000  ch=0  row=5 col=0  conv_y=29 (b=00000000000000000000000000011101 h=0000001d)  relu_y=29 (b=00000000000000000000000000011101 h=0000001d)  quant_y=29 (b=0000000000011101 h=001d)
POOL_IN t=4025000  ch=0  row=5 col=0  in_data=29 (b=0000000000011101 h=001d)
accepted input[39] : I=39 Q=103 at t=4035000
accepted input[40] : I=40 Q=104 at t=4045000
accepted input[41] : I=41 Q=105 at t=4055000
STAGE   t=4105000  ch=1  row=5 col=3  conv_y=-56 (b=11111111111111111111111111001000 h=ffffffc8)  relu_y=0 (b=00000000000000000000000000000000 h=00000000)  quant_y=0 (b=0000000000000000 h=0000)
POOL_IN t=4105000  ch=1  row=5 col=3  in_data=0 (b=0000000000000000 h=0000)
POOL_OUT t=4115000  idx=12  row=1 col=0 ch=1  y=0 (b=0000000000000000 h=0000)
STAGE   t=4155000  ch=2  row=5 col=3  conv_y=8 (b=00000000000000000000000000001000 h=00000008)  relu_y=8 (b=00000000000000000000000000001000 h=00000008)  quant_y=8 (b=0000000000001000 h=0008)
POOL_IN t=4155000  ch=2  row=5 col=3  in_data=8 (b=0000000000001000 h=0008)
POOL_OUT t=4165000  idx=13  row=1 col=0 ch=2  y=8 (b=0000000000001000 h=0008)
STAGE   t=4205000  ch=3  row=5 col=3  conv_y=142 (b=00000000000000000000000010001110 h=0000008e)  relu_y=142 (b=00000000000000000000000010001110 h=0000008e)  quant_y=142 (b=0000000010001110 h=008e)
POOL_IN t=4205000  ch=3  row=5 col=3  in_data=142 (b=0000000010001110 h=008e)
POOL_OUT t=4215000  idx=14  row=1 col=0 ch=3  y=142 (b=0000000010001110 h=008e)
STAGE   t=4255000  ch=0  row=5 col=3  conv_y=32 (b=00000000000000000000000000100000 h=00000020)  relu_y=32 (b=00000000000000000000000000100000 h=00000020)  quant_y=32 (b=0000000000100000 h=0020)
POOL_IN t=4255000  ch=0  row=5 col=3  in_data=32 (b=0000000000100000 h=0020)
accepted input[42] : I=42 Q=106 at t=4265000
POOL_OUT t=4265000  idx=15  row=1 col=0 ch=0  y=32 (b=0000000000100000 h=0020)
STAGE   t=4315000  ch=1  row=5 col=4  conv_y=-56 (b=11111111111111111111111111001000 h=ffffffc8)  relu_y=0 (b=00000000000000000000000000000000 h=00000000)  quant_y=0 (b=0000000000000000 h=0000)
POOL_IN t=4315000  ch=1  row=5 col=4  in_data=0 (b=0000000000000000 h=0000)
STAGE   t=4365000  ch=2  row=5 col=4  conv_y=8 (b=00000000000000000000000000001000 h=00000008)  relu_y=8 (b=00000000000000000000000000001000 h=00000008)  quant_y=8 (b=0000000000001000 h=0008)
POOL_IN t=4365000  ch=2  row=5 col=4  in_data=8 (b=0000000000001000 h=0008)
STAGE   t=4415000  ch=3  row=5 col=4  conv_y=144 (b=00000000000000000000000010010000 h=00000090)  relu_y=144 (b=00000000000000000000000010010000 h=00000090)  quant_y=144 (b=0000000010010000 h=0090)
POOL_IN t=4415000  ch=3  row=5 col=4  in_data=144 (b=0000000010010000 h=0090)
STAGE   t=4465000  ch=0  row=5 col=4  conv_y=33 (b=00000000000000000000000000100001 h=00000021)  relu_y=33 (b=00000000000000000000000000100001 h=00000021)  quant_y=33 (b=0000000000100001 h=0021)
POOL_IN t=4465000  ch=0  row=5 col=4  in_data=33 (b=0000000000100001 h=0021)
accepted input[43] : I=43 Q=107 at t=4475000
STAGE   t=4525000  ch=1  row=5 col=5  conv_y=-56 (b=11111111111111111111111111001000 h=ffffffc8)  relu_y=0 (b=00000000000000000000000000000000 h=00000000)  quant_y=0 (b=0000000000000000 h=0000)
POOL_IN t=4525000  ch=1  row=5 col=5  in_data=0 (b=0000000000000000 h=0000)
POOL_OUT t=4535000  idx=16  row=1 col=1 ch=1  y=0 (b=0000000000000000 h=0000)
STAGE   t=4575000  ch=2  row=5 col=5  conv_y=8 (b=00000000000000000000000000001000 h=00000008)  relu_y=8 (b=00000000000000000000000000001000 h=00000008)  quant_y=8 (b=0000000000001000 h=0008)
POOL_IN t=4575000  ch=2  row=5 col=5  in_data=8 (b=0000000000001000 h=0008)
POOL_OUT t=4585000  idx=17  row=1 col=1 ch=2  y=8 (b=0000000000001000 h=0008)
STAGE   t=4625000  ch=3  row=5 col=5  conv_y=146 (b=00000000000000000000000010010010 h=00000092)  relu_y=146 (b=00000000000000000000000010010010 h=00000092)  quant_y=146 (b=0000000010010010 h=0092)
POOL_IN t=4625000  ch=3  row=5 col=5  in_data=146 (b=0000000010010010 h=0092)
POOL_OUT t=4635000  idx=18  row=1 col=1 ch=3  y=146 (b=0000000010010010 h=0092)
STAGE   t=4675000  ch=0  row=5 col=5  conv_y=34 (b=00000000000000000000000000100010 h=00000022)  relu_y=34 (b=00000000000000000000000000100010 h=00000022)  quant_y=34 (b=0000000000100010 h=0022)
POOL_IN t=4675000  ch=0  row=5 col=5  in_data=34 (b=0000000000100010 h=0022)
accepted input[44] : I=44 Q=108 at t=4685000
POOL_OUT t=4685000  idx=19  row=1 col=1 ch=0  y=34 (b=0000000000100010 h=0022)
STAGE   t=4735000  ch=1  row=5 col=6  conv_y=-56 (b=11111111111111111111111111001000 h=ffffffc8)  relu_y=0 (b=00000000000000000000000000000000 h=00000000)  quant_y=0 (b=0000000000000000 h=0000)
POOL_IN t=4735000  ch=1  row=5 col=6  in_data=0 (b=0000000000000000 h=0000)
STAGE   t=4785000  ch=2  row=5 col=6  conv_y=8 (b=00000000000000000000000000001000 h=00000008)  relu_y=8 (b=00000000000000000000000000001000 h=00000008)  quant_y=8 (b=0000000000001000 h=0008)
POOL_IN t=4785000  ch=2  row=5 col=6  in_data=8 (b=0000000000001000 h=0008)
STAGE   t=4835000  ch=3  row=5 col=6  conv_y=148 (b=00000000000000000000000010010100 h=00000094)  relu_y=148 (b=00000000000000000000000010010100 h=00000094)  quant_y=148 (b=0000000010010100 h=0094)
POOL_IN t=4835000  ch=3  row=5 col=6  in_data=148 (b=0000000010010100 h=0094)
STAGE   t=4885000  ch=0  row=5 col=6  conv_y=35 (b=00000000000000000000000000100011 h=00000023)  relu_y=35 (b=00000000000000000000000000100011 h=00000023)  quant_y=35 (b=0000000000100011 h=0023)
POOL_IN t=4885000  ch=0  row=5 col=6  in_data=35 (b=0000000000100011 h=0023)
accepted input[45] : I=45 Q=109 at t=4895000
STAGE   t=4945000  ch=1  row=5 col=7  conv_y=-56 (b=11111111111111111111111111001000 h=ffffffc8)  relu_y=0 (b=00000000000000000000000000000000 h=00000000)  quant_y=0 (b=0000000000000000 h=0000)
POOL_IN t=4945000  ch=1  row=5 col=7  in_data=0 (b=0000000000000000 h=0000)
POOL_OUT t=4955000  idx=20  row=1 col=2 ch=1  y=0 (b=0000000000000000 h=0000)
STAGE   t=4995000  ch=2  row=5 col=7  conv_y=8 (b=00000000000000000000000000001000 h=00000008)  relu_y=8 (b=00000000000000000000000000001000 h=00000008)  quant_y=8 (b=0000000000001000 h=0008)
POOL_IN t=4995000  ch=2  row=5 col=7  in_data=8 (b=0000000000001000 h=0008)
POOL_OUT t=5005000  idx=21  row=1 col=2 ch=2  y=8 (b=0000000000001000 h=0008)
STAGE   t=5045000  ch=3  row=5 col=7  conv_y=150 (b=00000000000000000000000010010110 h=00000096)  relu_y=150 (b=00000000000000000000000010010110 h=00000096)  quant_y=150 (b=0000000010010110 h=0096)
POOL_IN t=5045000  ch=3  row=5 col=7  in_data=150 (b=0000000010010110 h=0096)
POOL_OUT t=5055000  idx=22  row=1 col=2 ch=3  y=150 (b=0000000010010110 h=0096)
STAGE   t=5095000  ch=0  row=5 col=7  conv_y=36 (b=00000000000000000000000000100100 h=00000024)  relu_y=36 (b=00000000000000000000000000100100 h=00000024)  quant_y=36 (b=0000000000100100 h=0024)
POOL_IN t=5095000  ch=0  row=5 col=7  in_data=36 (b=0000000000100100 h=0024)
accepted input[46] : I=46 Q=110 at t=5105000
POOL_OUT t=5105000  idx=23  row=1 col=2 ch=0  y=36 (b=0000000000100100 h=0024)
STAGE   t=5155000  ch=1  row=6 col=0  conv_y=-56 (b=11111111111111111111111111001000 h=ffffffc8)  relu_y=0 (b=00000000000000000000000000000000 h=00000000)  quant_y=0 (b=0000000000000000 h=0000)
POOL_IN t=5155000  ch=1  row=6 col=0  in_data=0 (b=0000000000000000 h=0000)
STAGE   t=5205000  ch=2  row=6 col=0  conv_y=8 (b=00000000000000000000000000001000 h=00000008)  relu_y=8 (b=00000000000000000000000000001000 h=00000008)  quant_y=8 (b=0000000000001000 h=0008)
POOL_IN t=5205000  ch=2  row=6 col=0  in_data=8 (b=0000000000001000 h=0008)
STAGE   t=5255000  ch=3  row=6 col=0  conv_y=152 (b=00000000000000000000000010011000 h=00000098)  relu_y=152 (b=00000000000000000000000010011000 h=00000098)  quant_y=152 (b=0000000010011000 h=0098)
POOL_IN t=5255000  ch=3  row=6 col=0  in_data=152 (b=0000000010011000 h=0098)
STAGE   t=5305000  ch=0  row=6 col=0  conv_y=37 (b=00000000000000000000000000100101 h=00000025)  relu_y=37 (b=00000000000000000000000000100101 h=00000025)  quant_y=37 (b=0000000000100101 h=0025)
POOL_IN t=5305000  ch=0  row=6 col=0  in_data=37 (b=0000000000100101 h=0025)
accepted input[47] : I=47 Q=111 at t=5315000
accepted input[48] : I=48 Q=112 at t=5325000
accepted input[49] : I=49 Q=113 at t=5335000
STAGE   t=5385000  ch=1  row=6 col=3  conv_y=-56 (b=11111111111111111111111111001000 h=ffffffc8)  relu_y=0 (b=00000000000000000000000000000000 h=00000000)  quant_y=0 (b=0000000000000000 h=0000)
POOL_IN t=5385000  ch=1  row=6 col=3  in_data=0 (b=0000000000000000 h=0000)
STAGE   t=5435000  ch=2  row=6 col=3  conv_y=8 (b=00000000000000000000000000001000 h=00000008)  relu_y=8 (b=00000000000000000000000000001000 h=00000008)  quant_y=8 (b=0000000000001000 h=0008)
POOL_IN t=5435000  ch=2  row=6 col=3  in_data=8 (b=0000000000001000 h=0008)
STAGE   t=5485000  ch=3  row=6 col=3  conv_y=158 (b=00000000000000000000000010011110 h=0000009e)  relu_y=158 (b=00000000000000000000000010011110 h=0000009e)  quant_y=158 (b=0000000010011110 h=009e)
POOL_IN t=5485000  ch=3  row=6 col=3  in_data=158 (b=0000000010011110 h=009e)
STAGE   t=5535000  ch=0  row=6 col=3  conv_y=40 (b=00000000000000000000000000101000 h=00000028)  relu_y=40 (b=00000000000000000000000000101000 h=00000028)  quant_y=40 (b=0000000000101000 h=0028)
POOL_IN t=5535000  ch=0  row=6 col=3  in_data=40 (b=0000000000101000 h=0028)
accepted input[50] : I=50 Q=114 at t=5545000
STAGE   t=5595000  ch=1  row=6 col=4  conv_y=-56 (b=11111111111111111111111111001000 h=ffffffc8)  relu_y=0 (b=00000000000000000000000000000000 h=00000000)  quant_y=0 (b=0000000000000000 h=0000)
POOL_IN t=5595000  ch=1  row=6 col=4  in_data=0 (b=0000000000000000 h=0000)
STAGE   t=5645000  ch=2  row=6 col=4  conv_y=8 (b=00000000000000000000000000001000 h=00000008)  relu_y=8 (b=00000000000000000000000000001000 h=00000008)  quant_y=8 (b=0000000000001000 h=0008)
POOL_IN t=5645000  ch=2  row=6 col=4  in_data=8 (b=0000000000001000 h=0008)
STAGE   t=5695000  ch=3  row=6 col=4  conv_y=160 (b=00000000000000000000000010100000 h=000000a0)  relu_y=160 (b=00000000000000000000000010100000 h=000000a0)  quant_y=160 (b=0000000010100000 h=00a0)
POOL_IN t=5695000  ch=3  row=6 col=4  in_data=160 (b=0000000010100000 h=00a0)
STAGE   t=5745000  ch=0  row=6 col=4  conv_y=41 (b=00000000000000000000000000101001 h=00000029)  relu_y=41 (b=00000000000000000000000000101001 h=00000029)  quant_y=41 (b=0000000000101001 h=0029)
POOL_IN t=5745000  ch=0  row=6 col=4  in_data=41 (b=0000000000101001 h=0029)
accepted input[51] : I=51 Q=115 at t=5755000
STAGE   t=5805000  ch=1  row=6 col=5  conv_y=-56 (b=11111111111111111111111111001000 h=ffffffc8)  relu_y=0 (b=00000000000000000000000000000000 h=00000000)  quant_y=0 (b=0000000000000000 h=0000)
POOL_IN t=5805000  ch=1  row=6 col=5  in_data=0 (b=0000000000000000 h=0000)
STAGE   t=5855000  ch=2  row=6 col=5  conv_y=8 (b=00000000000000000000000000001000 h=00000008)  relu_y=8 (b=00000000000000000000000000001000 h=00000008)  quant_y=8 (b=0000000000001000 h=0008)
POOL_IN t=5855000  ch=2  row=6 col=5  in_data=8 (b=0000000000001000 h=0008)
STAGE   t=5905000  ch=3  row=6 col=5  conv_y=162 (b=00000000000000000000000010100010 h=000000a2)  relu_y=162 (b=00000000000000000000000010100010 h=000000a2)  quant_y=162 (b=0000000010100010 h=00a2)
POOL_IN t=5905000  ch=3  row=6 col=5  in_data=162 (b=0000000010100010 h=00a2)
STAGE   t=5955000  ch=0  row=6 col=5  conv_y=42 (b=00000000000000000000000000101010 h=0000002a)  relu_y=42 (b=00000000000000000000000000101010 h=0000002a)  quant_y=42 (b=0000000000101010 h=002a)
POOL_IN t=5955000  ch=0  row=6 col=5  in_data=42 (b=0000000000101010 h=002a)
accepted input[52] : I=52 Q=116 at t=5965000
STAGE   t=6015000  ch=1  row=6 col=6  conv_y=-56 (b=11111111111111111111111111001000 h=ffffffc8)  relu_y=0 (b=00000000000000000000000000000000 h=00000000)  quant_y=0 (b=0000000000000000 h=0000)
POOL_IN t=6015000  ch=1  row=6 col=6  in_data=0 (b=0000000000000000 h=0000)
STAGE   t=6065000  ch=2  row=6 col=6  conv_y=8 (b=00000000000000000000000000001000 h=00000008)  relu_y=8 (b=00000000000000000000000000001000 h=00000008)  quant_y=8 (b=0000000000001000 h=0008)
POOL_IN t=6065000  ch=2  row=6 col=6  in_data=8 (b=0000000000001000 h=0008)
STAGE   t=6115000  ch=3  row=6 col=6  conv_y=164 (b=00000000000000000000000010100100 h=000000a4)  relu_y=164 (b=00000000000000000000000010100100 h=000000a4)  quant_y=164 (b=0000000010100100 h=00a4)
POOL_IN t=6115000  ch=3  row=6 col=6  in_data=164 (b=0000000010100100 h=00a4)
STAGE   t=6165000  ch=0  row=6 col=6  conv_y=43 (b=00000000000000000000000000101011 h=0000002b)  relu_y=43 (b=00000000000000000000000000101011 h=0000002b)  quant_y=43 (b=0000000000101011 h=002b)
POOL_IN t=6165000  ch=0  row=6 col=6  in_data=43 (b=0000000000101011 h=002b)
accepted input[53] : I=53 Q=117 at t=6175000
STAGE   t=6225000  ch=1  row=6 col=7  conv_y=-56 (b=11111111111111111111111111001000 h=ffffffc8)  relu_y=0 (b=00000000000000000000000000000000 h=00000000)  quant_y=0 (b=0000000000000000 h=0000)
POOL_IN t=6225000  ch=1  row=6 col=7  in_data=0 (b=0000000000000000 h=0000)
STAGE   t=6275000  ch=2  row=6 col=7  conv_y=8 (b=00000000000000000000000000001000 h=00000008)  relu_y=8 (b=00000000000000000000000000001000 h=00000008)  quant_y=8 (b=0000000000001000 h=0008)
POOL_IN t=6275000  ch=2  row=6 col=7  in_data=8 (b=0000000000001000 h=0008)
STAGE   t=6325000  ch=3  row=6 col=7  conv_y=166 (b=00000000000000000000000010100110 h=000000a6)  relu_y=166 (b=00000000000000000000000010100110 h=000000a6)  quant_y=166 (b=0000000010100110 h=00a6)
POOL_IN t=6325000  ch=3  row=6 col=7  in_data=166 (b=0000000010100110 h=00a6)
STAGE   t=6375000  ch=0  row=6 col=7  conv_y=44 (b=00000000000000000000000000101100 h=0000002c)  relu_y=44 (b=00000000000000000000000000101100 h=0000002c)  quant_y=44 (b=0000000000101100 h=002c)
POOL_IN t=6375000  ch=0  row=6 col=7  in_data=44 (b=0000000000101100 h=002c)
accepted input[54] : I=54 Q=118 at t=6385000
STAGE   t=6435000  ch=1  row=7 col=0  conv_y=-56 (b=11111111111111111111111111001000 h=ffffffc8)  relu_y=0 (b=00000000000000000000000000000000 h=00000000)  quant_y=0 (b=0000000000000000 h=0000)
POOL_IN t=6435000  ch=1  row=7 col=0  in_data=0 (b=0000000000000000 h=0000)
STAGE   t=6485000  ch=2  row=7 col=0  conv_y=8 (b=00000000000000000000000000001000 h=00000008)  relu_y=8 (b=00000000000000000000000000001000 h=00000008)  quant_y=8 (b=0000000000001000 h=0008)
POOL_IN t=6485000  ch=2  row=7 col=0  in_data=8 (b=0000000000001000 h=0008)
STAGE   t=6535000  ch=3  row=7 col=0  conv_y=168 (b=00000000000000000000000010101000 h=000000a8)  relu_y=168 (b=00000000000000000000000010101000 h=000000a8)  quant_y=168 (b=0000000010101000 h=00a8)
POOL_IN t=6535000  ch=3  row=7 col=0  in_data=168 (b=0000000010101000 h=00a8)
STAGE   t=6585000  ch=0  row=7 col=0  conv_y=45 (b=00000000000000000000000000101101 h=0000002d)  relu_y=45 (b=00000000000000000000000000101101 h=0000002d)  quant_y=45 (b=0000000000101101 h=002d)
POOL_IN t=6585000  ch=0  row=7 col=0  in_data=45 (b=0000000000101101 h=002d)
accepted input[55] : I=55 Q=119 at t=6595000
accepted input[56] : I=56 Q=120 at t=6605000
accepted input[57] : I=57 Q=121 at t=6615000
STAGE   t=6665000  ch=1  row=7 col=3  conv_y=-56 (b=11111111111111111111111111001000 h=ffffffc8)  relu_y=0 (b=00000000000000000000000000000000 h=00000000)  quant_y=0 (b=0000000000000000 h=0000)
POOL_IN t=6665000  ch=1  row=7 col=3  in_data=0 (b=0000000000000000 h=0000)
POOL_OUT t=6675000  idx=24  row=2 col=0 ch=1  y=0 (b=0000000000000000 h=0000)
STAGE   t=6715000  ch=2  row=7 col=3  conv_y=8 (b=00000000000000000000000000001000 h=00000008)  relu_y=8 (b=00000000000000000000000000001000 h=00000008)  quant_y=8 (b=0000000000001000 h=0008)
POOL_IN t=6715000  ch=2  row=7 col=3  in_data=8 (b=0000000000001000 h=0008)
POOL_OUT t=6725000  idx=25  row=2 col=0 ch=2  y=8 (b=0000000000001000 h=0008)
STAGE   t=6765000  ch=3  row=7 col=3  conv_y=174 (b=00000000000000000000000010101110 h=000000ae)  relu_y=174 (b=00000000000000000000000010101110 h=000000ae)  quant_y=174 (b=0000000010101110 h=00ae)
POOL_IN t=6765000  ch=3  row=7 col=3  in_data=174 (b=0000000010101110 h=00ae)
POOL_OUT t=6775000  idx=26  row=2 col=0 ch=3  y=174 (b=0000000010101110 h=00ae)
STAGE   t=6815000  ch=0  row=7 col=3  conv_y=48 (b=00000000000000000000000000110000 h=00000030)  relu_y=48 (b=00000000000000000000000000110000 h=00000030)  quant_y=48 (b=0000000000110000 h=0030)
POOL_IN t=6815000  ch=0  row=7 col=3  in_data=48 (b=0000000000110000 h=0030)
accepted input[58] : I=58 Q=122 at t=6825000
POOL_OUT t=6825000  idx=27  row=2 col=0 ch=0  y=48 (b=0000000000110000 h=0030)
STAGE   t=6875000  ch=1  row=7 col=4  conv_y=-56 (b=11111111111111111111111111001000 h=ffffffc8)  relu_y=0 (b=00000000000000000000000000000000 h=00000000)  quant_y=0 (b=0000000000000000 h=0000)
POOL_IN t=6875000  ch=1  row=7 col=4  in_data=0 (b=0000000000000000 h=0000)
STAGE   t=6925000  ch=2  row=7 col=4  conv_y=8 (b=00000000000000000000000000001000 h=00000008)  relu_y=8 (b=00000000000000000000000000001000 h=00000008)  quant_y=8 (b=0000000000001000 h=0008)
POOL_IN t=6925000  ch=2  row=7 col=4  in_data=8 (b=0000000000001000 h=0008)
STAGE   t=6975000  ch=3  row=7 col=4  conv_y=176 (b=00000000000000000000000010110000 h=000000b0)  relu_y=176 (b=00000000000000000000000010110000 h=000000b0)  quant_y=176 (b=0000000010110000 h=00b0)
POOL_IN t=6975000  ch=3  row=7 col=4  in_data=176 (b=0000000010110000 h=00b0)
STAGE   t=7025000  ch=0  row=7 col=4  conv_y=49 (b=00000000000000000000000000110001 h=00000031)  relu_y=49 (b=00000000000000000000000000110001 h=00000031)  quant_y=49 (b=0000000000110001 h=0031)
POOL_IN t=7025000  ch=0  row=7 col=4  in_data=49 (b=0000000000110001 h=0031)
accepted input[59] : I=59 Q=123 at t=7035000
STAGE   t=7085000  ch=1  row=7 col=5  conv_y=-56 (b=11111111111111111111111111001000 h=ffffffc8)  relu_y=0 (b=00000000000000000000000000000000 h=00000000)  quant_y=0 (b=0000000000000000 h=0000)
POOL_IN t=7085000  ch=1  row=7 col=5  in_data=0 (b=0000000000000000 h=0000)
POOL_OUT t=7095000  idx=28  row=2 col=1 ch=1  y=0 (b=0000000000000000 h=0000)
STAGE   t=7135000  ch=2  row=7 col=5  conv_y=8 (b=00000000000000000000000000001000 h=00000008)  relu_y=8 (b=00000000000000000000000000001000 h=00000008)  quant_y=8 (b=0000000000001000 h=0008)
POOL_IN t=7135000  ch=2  row=7 col=5  in_data=8 (b=0000000000001000 h=0008)
POOL_OUT t=7145000  idx=29  row=2 col=1 ch=2  y=8 (b=0000000000001000 h=0008)
STAGE   t=7185000  ch=3  row=7 col=5  conv_y=178 (b=00000000000000000000000010110010 h=000000b2)  relu_y=178 (b=00000000000000000000000010110010 h=000000b2)  quant_y=178 (b=0000000010110010 h=00b2)
POOL_IN t=7185000  ch=3  row=7 col=5  in_data=178 (b=0000000010110010 h=00b2)
POOL_OUT t=7195000  idx=30  row=2 col=1 ch=3  y=178 (b=0000000010110010 h=00b2)
STAGE   t=7235000  ch=0  row=7 col=5  conv_y=50 (b=00000000000000000000000000110010 h=00000032)  relu_y=50 (b=00000000000000000000000000110010 h=00000032)  quant_y=50 (b=0000000000110010 h=0032)
POOL_IN t=7235000  ch=0  row=7 col=5  in_data=50 (b=0000000000110010 h=0032)
accepted input[60] : I=60 Q=124 at t=7245000
POOL_OUT t=7245000  idx=31  row=2 col=1 ch=0  y=50 (b=0000000000110010 h=0032)
STAGE   t=7295000  ch=1  row=7 col=6  conv_y=-56 (b=11111111111111111111111111001000 h=ffffffc8)  relu_y=0 (b=00000000000000000000000000000000 h=00000000)  quant_y=0 (b=0000000000000000 h=0000)
POOL_IN t=7295000  ch=1  row=7 col=6  in_data=0 (b=0000000000000000 h=0000)
STAGE   t=7345000  ch=2  row=7 col=6  conv_y=8 (b=00000000000000000000000000001000 h=00000008)  relu_y=8 (b=00000000000000000000000000001000 h=00000008)  quant_y=8 (b=0000000000001000 h=0008)
POOL_IN t=7345000  ch=2  row=7 col=6  in_data=8 (b=0000000000001000 h=0008)
STAGE   t=7395000  ch=3  row=7 col=6  conv_y=180 (b=00000000000000000000000010110100 h=000000b4)  relu_y=180 (b=00000000000000000000000010110100 h=000000b4)  quant_y=180 (b=0000000010110100 h=00b4)
POOL_IN t=7395000  ch=3  row=7 col=6  in_data=180 (b=0000000010110100 h=00b4)
STAGE   t=7445000  ch=0  row=7 col=6  conv_y=51 (b=00000000000000000000000000110011 h=00000033)  relu_y=51 (b=00000000000000000000000000110011 h=00000033)  quant_y=51 (b=0000000000110011 h=0033)
POOL_IN t=7445000  ch=0  row=7 col=6  in_data=51 (b=0000000000110011 h=0033)
accepted input[61] : I=61 Q=125 at t=7455000
STAGE   t=7505000  ch=1  row=7 col=7  conv_y=-56 (b=11111111111111111111111111001000 h=ffffffc8)  relu_y=0 (b=00000000000000000000000000000000 h=00000000)  quant_y=0 (b=0000000000000000 h=0000)
POOL_IN t=7505000  ch=1  row=7 col=7  in_data=0 (b=0000000000000000 h=0000)
POOL_OUT t=7515000  idx=32  row=2 col=2 ch=1  y=0 (b=0000000000000000 h=0000)
STAGE   t=7555000  ch=2  row=7 col=7  conv_y=8 (b=00000000000000000000000000001000 h=00000008)  relu_y=8 (b=00000000000000000000000000001000 h=00000008)  quant_y=8 (b=0000000000001000 h=0008)
POOL_IN t=7555000  ch=2  row=7 col=7  in_data=8 (b=0000000000001000 h=0008)
POOL_OUT t=7565000  idx=33  row=2 col=2 ch=2  y=8 (b=0000000000001000 h=0008)
STAGE   t=7605000  ch=3  row=7 col=7  conv_y=182 (b=00000000000000000000000010110110 h=000000b6)  relu_y=182 (b=00000000000000000000000010110110 h=000000b6)  quant_y=182 (b=0000000010110110 h=00b6)
POOL_IN t=7605000  ch=3  row=7 col=7  in_data=182 (b=0000000010110110 h=00b6)
POOL_OUT t=7615000  idx=34  row=2 col=2 ch=3  y=182 (b=0000000010110110 h=00b6)
STAGE   t=7655000  ch=0  row=7 col=7  conv_y=52 (b=00000000000000000000000000110100 h=00000034)  relu_y=52 (b=00000000000000000000000000110100 h=00000034)  quant_y=52 (b=0000000000110100 h=0034)
POOL_IN t=7655000  ch=0  row=7 col=7  in_data=52 (b=0000000000110100 h=0034)
accepted input[62] : I=62 Q=126 at t=7665000
POOL_OUT t=7665000  idx=35  row=2 col=2 ch=0  y=52 (b=0000000000110100 h=0034)
STAGE   t=7715000  ch=1  row=8 col=0  conv_y=-56 (b=11111111111111111111111111001000 h=ffffffc8)  relu_y=0 (b=00000000000000000000000000000000 h=00000000)  quant_y=0 (b=0000000000000000 h=0000)
POOL_IN t=7715000  ch=1  row=8 col=0  in_data=0 (b=0000000000000000 h=0000)
STAGE   t=7765000  ch=2  row=8 col=0  conv_y=8 (b=00000000000000000000000000001000 h=00000008)  relu_y=8 (b=00000000000000000000000000001000 h=00000008)  quant_y=8 (b=0000000000001000 h=0008)
POOL_IN t=7765000  ch=2  row=8 col=0  in_data=8 (b=0000000000001000 h=0008)
STAGE   t=7815000  ch=3  row=8 col=0  conv_y=184 (b=00000000000000000000000010111000 h=000000b8)  relu_y=184 (b=00000000000000000000000010111000 h=000000b8)  quant_y=184 (b=0000000010111000 h=00b8)
POOL_IN t=7815000  ch=3  row=8 col=0  in_data=184 (b=0000000010111000 h=00b8)
STAGE   t=7865000  ch=0  row=8 col=0  conv_y=53 (b=00000000000000000000000000110101 h=00000035)  relu_y=53 (b=00000000000000000000000000110101 h=00000035)  quant_y=53 (b=0000000000110101 h=0035)
POOL_IN t=7865000  ch=0  row=8 col=0  in_data=53 (b=0000000000110101 h=0035)
accepted input[63] : I=63 Q=127 at t=7875000

==============================================
Finished driving 64 input samples
Waiting for pooled outputs
==============================================

==============================================
Summary
===============================