Time resolution is 1 ps
Input image loaded from C:/Users/sagar/CONV_2D_RTL/CONV_2D_RTL.srcs/sim_1/new/x_8x8.txt
Golden output loaded from C:/Users/sagar/CONV_2D_RTL/CONV_2D_RTL.srcs/sim_1/new/y_6x6.txt
MATCH (0,0): -8
MATCH (0,1): -8
MATCH (0,2): -8
MATCH (0,3): -8
MATCH (0,4): -8
MATCH (0,5): -8
MATCH (1,0): -8
MATCH (1,1): -8
MATCH (1,2): -8
MATCH (1,3): -8
MATCH (1,4): -8
MATCH (1,5): -8
MATCH (2,0): -8
MATCH (2,1): -8
MATCH (2,2): -8
MATCH (2,3): -8
MATCH (2,4): -8
MATCH (2,5): -8
MATCH (3,0): -8
MATCH (3,1): -8
MATCH (3,2): -8
MATCH (3,3): -8
MATCH (3,4): -8
MATCH (3,5): -8
MATCH (4,0): -8
MATCH (4,1): -8
MATCH (4,2): -8
MATCH (4,3): -8
MATCH (4,4): -8
MATCH (4,5): -8
MATCH (5,0): -8
MATCH (5,1): -8
MATCH (5,2): -8
MATCH (5,3): -8
MATCH (5,4): -8
MISMATCH at (5,5): RTL=x GOLD=-8
Fatal: 
Time: 415 ns  Iteration: 0  Process: /tb_conv2d_top/Always80_16  Scope: tb_conv2d_top  File: C:/Users/sagar/CONV_2D_RTL/CONV_2D_RTL.srcs/sim_1/new/tb_conv2d_top.sv Line: 85
$finish called at time : 415 ns

PASS: All 36 outputs match Python golden model!
$finish called at time : 425 ns : File "C:/Users/sagar/CONV_2D_RTL/CONV_2D_RTL.srcs/sim_1/new/tb_conv2d_top.sv" Line 99
