Time resolution is 1 ps
row=2 col=2 mac=-7 relu=0
row=2 col=3 mac=-7 relu=0
row=2 col=4 mac=-7 relu=0
row=2 col=5 mac=-7 relu=0
row=2 col=6 mac=-7 relu=0
row=2 col=7 mac=16 relu=16
row=3 col=2 mac=-7 relu=0
row=3 col=3 mac=-7 relu=0
row=3 col=4 mac=-7 relu=0
row=3 col=5 mac=-7 relu=0
row=3 col=6 mac=-7 relu=0
row=3 col=7 mac=17 relu=17
row=4 col=2 mac=-7 relu=0
row=4 col=3 mac=-7 relu=0
row=4 col=4 mac=-7 relu=0
row=4 col=5 mac=-7 relu=0
row=4 col=6 mac=-7 relu=0
row=4 col=7 mac=17 relu=17
row=5 col=2 mac=-7 relu=0
row=5 col=3 mac=-7 relu=0
row=5 col=4 mac=-7 relu=0
row=5 col=5 mac=-7 relu=0
row=5 col=6 mac=-7 relu=0
row=5 col=7 mac=17 relu=17
row=6 col=2 mac=-7 relu=0
row=6 col=3 mac=-7 relu=0
row=6 col=4 mac=-7 relu=0
row=6 col=5 mac=-7 relu=0
row=6 col=6 mac=-7 relu=0
row=6 col=7 mac=17 relu=17
row=7 col=2 mac=-7 relu=0
row=7 col=3 mac=-7 relu=0
row=7 col=4 mac=-7 relu=0
row=7 col=5 mac=-7 relu=0
row=7 col=6 mac=-7 relu=0
row=7 col=7 mac=17 relu=17

 PASS: out_valid count = 36 (expected 36)
$finish called at time : 865 ns : File "C:/Users/sagar/CONV_2D_RTL/CONV_2D_RTL.srcs/sim_2/new/tb_streaming_count.sv" Line 63
