Vivado Simulator v2024.1
Copyright 1986-2022 Xilinx, Inc. All Rights Reserved.
Copyright 2022-2024 Advanced Micro Devices, Inc. All Rights Reserved.
Running: C:/Xilinx/Vivado/2024.1/bin/unwrapped/win64.o/xelab.exe --incr --debug typical --relax --mt 2 -L xil_defaultlib -L uvm -L unisims_ver -L unimacro_ver -L secureip --snapshot tb_streaming_count_behav xil_defaultlib.tb_streaming_count xil_defaultlib.glbl -log elaborate.log 
Using 2 slave threads.
Starting static elaboration
Pass Through NonSizing Optimizer
Completed static elaboration
Starting simulation data flow analysis
WARNING: [XSIM 43-4099] "C:/Users/sagar/CONV_2D_RTL/CONV_2D_RTL.srcs/sources_1/new/mac9.sv" Line 1. Module mac9_default doesn't have a timescale but at least one module in design has a timescale.
WARNING: [XSIM 43-4099] "C:/Users/sagar/CONV_2D_RTL/CONV_2D_RTL.srcs/sources_1/new/mac9.sv" Line 1. Module mac9_default doesn't have a timescale but at least one module in design has a timescale.
Completed simulation data flow analysis
Time Resolution for simulation is 1ps
Compiling module xil_defaultlib.line_buffer_3x3
Compiling module xil_defaultlib.mul_unit(P_W=11)
Compiling module xil_defaultlib.mac9_default
Compiling module xil_defaultlib.conv2d_streaming_top
Compiling module xil_defaultlib.tb_streaming_count
Compiling module xil_defaultlib.glbl
Built simulation snapshot tb_streaming_count_behav
